<?xml version="1.0" encoding="UTF-8"?>
<!-- Generated by org.testng.reporters.JUnitReportReporter -->
<testsuite hostname="USHYDGOLAVINAS7" failures="0" tests="1" name="com.myTests.tests.TC008" time="0.001" errors="0" timestamp="2025-09-15T15:34:35 IST" skipped="0">
  <testcase classname="com.myTests.tests.TC008" name="testcase008" time="0.001"/>
</testsuite> <!-- com.myTests.tests.TC008 -->
