<?xml version="1.0" encoding="UTF-8"?>
<!-- Generated by org.testng.reporters.JUnitReportReporter -->
<testsuite hostname="USHYDGOLAVINAS7" failures="0" tests="1" name="com.myTests.tests.TC001" time="0.004" errors="0" timestamp="2025-09-15T15:34:35 IST" skipped="0">
  <testcase classname="com.myTests.tests.TC001" name="testcase001" time="0.004"/>
</testsuite> <!-- com.myTests.tests.TC001 -->
