<?xml version="1.0" encoding="UTF-8"?>
<!-- Generated by org.testng.reporters.JUnitReportReporter -->
<testsuite hostname="USHYDGOLAVINAS7" failures="0" tests="1" name="com.myTests.tests.TC009" time="0.003" errors="0" timestamp="2025-09-28T10:22:39 IST" skipped="0">
  <testcase classname="com.myTests.tests.TC009" name="testcase009" time="0.003"/>
</testsuite> <!-- com.myTests.tests.TC009 -->
