<?xml version="1.0" encoding="UTF-8"?>
<!-- Generated by org.testng.reporters.JUnitReportReporter -->
<testsuite hostname="USHYDGOLAVINAS7" failures="0" tests="1" name="com.myTests.tests.TC005" time="0.000" errors="0" timestamp="2025-09-23T16:52:37 IST" skipped="0">
  <testcase classname="com.myTests.tests.TC005" name="testcase005" time="0.000"/>
</testsuite> <!-- com.myTests.tests.TC005 -->
