<?xml version="1.0" encoding="UTF-8"?>
<!-- Generated by org.testng.reporters.JUnitReportReporter -->
<testsuite hostname="USHYDGOLAVINAS7" failures="0" tests="1" name="com.myTests.tests.TC004" time="0.001" errors="0" timestamp="2025-09-28T10:22:39 IST" skipped="0">
  <testcase classname="com.myTests.tests.TC004" name="testcase004" time="0.001"/>
</testsuite> <!-- com.myTests.tests.TC004 -->
